[2023-05-13 17:40:23] local.ERROR: SQLSTATE[HY000] [2002] No connection could be made because the target machine actively refused it (Connection: mysql, SQL: select * from `tblteacher` where `tblteacher`.`teacherid` = 1 limit 1) {"exception":"[object] (Illuminate\\Database\\QueryException(code: 2002): SQLSTATE[HY000] [2002] No connection could be made because the target machine actively refused it (Connection: mysql, SQL: select * from `tblteacher` where `tblteacher`.`teacherid` = 1 limit 1) at C:\\xampp\\htdocs\\sia_labact1_finals\\vendor\\illuminate\\database\\Connection.php:793)
[stacktrace]
#0 C:\\xampp\\htdocs\\sia_labact1_finals\\vendor\\illuminate\\database\\Connection.php(753): Illuminate\\Database\\Connection->runQueryCallback('select * from `...', Array, Object(Closure))
#1 C:\\xampp\\htdocs\\sia_labact1_finals\\vendor\\illuminate\\database\\Connection.php(422): Illuminate\\Database\\Connection->run('select * from `...', Array, Object(Closure))
#2 C:\\xampp\\htdocs\\sia_labact1_finals\\vendor\\illuminate\\database\\Query\\Builder.php(2719): Illuminate\\Database\\Connection->select('select * from `...', Array, true)
#3 C:\\xampp\\htdocs\\sia_labact1_finals\\vendor\\illuminate\\database\\Query\\Builder.php(2707): Illuminate\\Database\\Query\\Builder->runSelect()
#4 C:\\xampp\\htdocs\\sia_labact1_finals\\vendor\\illuminate\\database\\Query\\Builder.php(3248): Illuminate\\Database\\Query\\Builder->Illuminate\\Database\\Query\\{closure}()
#5 C:\\xampp\\htdocs\\sia_labact1_finals\\vendor\\illuminate\\database\\Query\\Builder.php(2708): Illuminate\\Database\\Query\\Builder->onceWithColumns(Array, Object(Closure))
#6 C:\\xampp\\htdocs\\sia_labact1_finals\\vendor\\illuminate\\database\\Eloquent\\Builder.php(717): Illuminate\\Database\\Query\\Builder->get(Array)
#7 C:\\xampp\\htdocs\\sia_labact1_finals\\vendor\\illuminate\\database\\Eloquent\\Builder.php(701): Illuminate\\Database\\Eloquent\\Builder->getModels(Array)
#8 C:\\xampp\\htdocs\\sia_labact1_finals\\vendor\\illuminate\\database\\Concerns\\BuildsQueries.php(296): Illuminate\\Database\\Eloquent\\Builder->get(Array)
#9 C:\\xampp\\htdocs\\sia_labact1_finals\\vendor\\illuminate\\database\\Eloquent\\Builder.php(443): Illuminate\\Database\\Eloquent\\Builder->first(Array)
#10 C:\\xampp\\htdocs\\sia_labact1_finals\\vendor\\illuminate\\database\\Eloquent\\Builder.php(475): Illuminate\\Database\\Eloquent\\Builder->find('1', Array)
#11 C:\\xampp\\htdocs\\sia_labact1_finals\\vendor\\illuminate\\support\\Traits\\ForwardsCalls.php(23): Illuminate\\Database\\Eloquent\\Builder->findOrFail('1')
#12 C:\\xampp\\htdocs\\sia_labact1_finals\\vendor\\illuminate\\database\\Eloquent\\Model.php(2335): Illuminate\\Database\\Eloquent\\Model->forwardCallTo(Object(Illuminate\\Database\\Eloquent\\Builder), 'findOrFail', Array)
#13 C:\\xampp\\htdocs\\sia_labact1_finals\\vendor\\illuminate\\database\\Eloquent\\Model.php(2347): Illuminate\\Database\\Eloquent\\Model->__call('findOrFail', Array)
#14 C:\\xampp\\htdocs\\sia_labact1_finals\\app\\Http\\Controllers\\UserController.php(21): Illuminate\\Database\\Eloquent\\Model::__callStatic('findOrFail', Array)
#15 C:\\xampp\\htdocs\\sia_labact1_finals\\vendor\\illuminate\\container\\BoundMethod.php(36): App\\Http\\Controllers\\UserController->userShowID('1')
#16 C:\\xampp\\htdocs\\sia_labact1_finals\\vendor\\illuminate\\container\\Util.php(41): Illuminate\\Container\\BoundMethod::Illuminate\\Container\\{closure}()
#17 C:\\xampp\\htdocs\\sia_labact1_finals\\vendor\\illuminate\\container\\BoundMethod.php(93): Illuminate\\Container\\Util::unwrapIfClosure(Object(Closure))
#18 C:\\xampp\\htdocs\\sia_labact1_finals\\vendor\\illuminate\\container\\BoundMethod.php(37): Illuminate\\Container\\BoundMethod::callBoundMethod(Object(Laravel\\Lumen\\Application), Array, Object(Closure))
#19 C:\\xampp\\htdocs\\sia_labact1_finals\\vendor\\illuminate\\container\\Container.php(662): Illuminate\\Container\\BoundMethod::call(Object(Laravel\\Lumen\\Application), Array, Array, NULL)
#20 C:\\xampp\\htdocs\\sia_labact1_finals\\vendor\\laravel\\lumen-framework\\src\\Concerns\\RoutesRequests.php(391): Illuminate\\Container\\Container->call(Array, Array)
#21 C:\\xampp\\htdocs\\sia_labact1_finals\\vendor\\laravel\\lumen-framework\\src\\Concerns\\RoutesRequests.php(357): Laravel\\Lumen\\Application->callControllerCallable(Array, Array)
#22 C:\\xampp\\htdocs\\sia_labact1_finals\\vendor\\laravel\\lumen-framework\\src\\Concerns\\RoutesRequests.php(331): Laravel\\Lumen\\Application->callLumenController(Object(App\\Http\\Controllers\\UserController), 'userShowID', Array)
#23 C:\\xampp\\htdocs\\sia_labact1_finals\\vendor\\laravel\\lumen-framework\\src\\Concerns\\RoutesRequests.php(284): Laravel\\Lumen\\Application->callControllerAction(Array)
#24 C:\\xampp\\htdocs\\sia_labact1_finals\\vendor\\laravel\\lumen-framework\\src\\Concerns\\RoutesRequests.php(269): Laravel\\Lumen\\Application->callActionOnArrayBasedRoute(Array)
#25 C:\\xampp\\htdocs\\sia_labact1_finals\\vendor\\laravel\\lumen-framework\\src\\Concerns\\RoutesRequests.php(239): Laravel\\Lumen\\Application->handleFoundRoute(Array)
#26 C:\\xampp\\htdocs\\sia_labact1_finals\\vendor\\laravel\\lumen-framework\\src\\Concerns\\RoutesRequests.php(175): Laravel\\Lumen\\Application->handleDispatcherResponse(Array)
#27 C:\\xampp\\htdocs\\sia_labact1_finals\\vendor\\laravel\\lumen-framework\\src\\Concerns\\RoutesRequests.php(431): Laravel\\Lumen\\Application->Laravel\\Lumen\\Concerns\\{closure}(Object(Laravel\\Lumen\\Http\\Request))
#28 C:\\xampp\\htdocs\\sia_labact1_finals\\vendor\\laravel\\lumen-framework\\src\\Concerns\\RoutesRequests.php(177): Laravel\\Lumen\\Application->sendThroughPipeline(Array, Object(Closure))
#29 C:\\xampp\\htdocs\\sia_labact1_finals\\vendor\\laravel\\lumen-framework\\src\\Concerns\\RoutesRequests.php(112): Laravel\\Lumen\\Application->dispatch(NULL)
#30 C:\\xampp\\htdocs\\sia_labact1_finals\\public\\index.php(28): Laravel\\Lumen\\Application->run()
#31 {main}

[previous exception] [object] (PDOException(code: 2002): SQLSTATE[HY000] [2002] No connection could be made because the target machine actively refused it at C:\\xampp\\htdocs\\sia_labact1_finals\\vendor\\illuminate\\database\\Connectors\\Connector.php:65)
[stacktrace]
#0 C:\\xampp\\htdocs\\sia_labact1_finals\\vendor\\illuminate\\database\\Connectors\\Connector.php(65): PDO->__construct('mysql:host=127....', 'root', '', Array)
#1 C:\\xampp\\htdocs\\sia_labact1_finals\\vendor\\illuminate\\database\\Connectors\\Connector.php(45): Illuminate\\Database\\Connectors\\Connector->createPdoConnection('mysql:host=127....', 'root', '', Array)
#2 C:\\xampp\\htdocs\\sia_labact1_finals\\vendor\\illuminate\\database\\Connectors\\MySqlConnector.php(24): Illuminate\\Database\\Connectors\\Connector->createConnection('mysql:host=127....', Array, Array)
#3 C:\\xampp\\htdocs\\sia_labact1_finals\\vendor\\illuminate\\database\\Connectors\\ConnectionFactory.php(184): Illuminate\\Database\\Connectors\\MySqlConnector->connect(Array)
#4 [internal function]: Illuminate\\Database\\Connectors\\ConnectionFactory->Illuminate\\Database\\Connectors\\{closure}()
#5 C:\\xampp\\htdocs\\sia_labact1_finals\\vendor\\illuminate\\database\\Connection.php(1210): call_user_func(Object(Closure))
#6 C:\\xampp\\htdocs\\sia_labact1_finals\\vendor\\illuminate\\database\\Connection.php(1246): Illuminate\\Database\\Connection->getPdo()
#7 C:\\xampp\\htdocs\\sia_labact1_finals\\vendor\\illuminate\\database\\Connection.php(519): Illuminate\\Database\\Connection->getReadPdo()
#8 C:\\xampp\\htdocs\\sia_labact1_finals\\vendor\\illuminate\\database\\Connection.php(414): Illuminate\\Database\\Connection->getPdoForSelect(true)
#9 C:\\xampp\\htdocs\\sia_labact1_finals\\vendor\\illuminate\\database\\Connection.php(786): Illuminate\\Database\\Connection->Illuminate\\Database\\{closure}('select * from `...', Array)
#10 C:\\xampp\\htdocs\\sia_labact1_finals\\vendor\\illuminate\\database\\Connection.php(753): Illuminate\\Database\\Connection->runQueryCallback('select * from `...', Array, Object(Closure))
#11 C:\\xampp\\htdocs\\sia_labact1_finals\\vendor\\illuminate\\database\\Connection.php(422): Illuminate\\Database\\Connection->run('select * from `...', Array, Object(Closure))
#12 C:\\xampp\\htdocs\\sia_labact1_finals\\vendor\\illuminate\\database\\Query\\Builder.php(2719): Illuminate\\Database\\Connection->select('select * from `...', Array, true)
#13 C:\\xampp\\htdocs\\sia_labact1_finals\\vendor\\illuminate\\database\\Query\\Builder.php(2707): Illuminate\\Database\\Query\\Builder->runSelect()
#14 C:\\xampp\\htdocs\\sia_labact1_finals\\vendor\\illuminate\\database\\Query\\Builder.php(3248): Illuminate\\Database\\Query\\Builder->Illuminate\\Database\\Query\\{closure}()
#15 C:\\xampp\\htdocs\\sia_labact1_finals\\vendor\\illuminate\\database\\Query\\Builder.php(2708): Illuminate\\Database\\Query\\Builder->onceWithColumns(Array, Object(Closure))
#16 C:\\xampp\\htdocs\\sia_labact1_finals\\vendor\\illuminate\\database\\Eloquent\\Builder.php(717): Illuminate\\Database\\Query\\Builder->get(Array)
#17 C:\\xampp\\htdocs\\sia_labact1_finals\\vendor\\illuminate\\database\\Eloquent\\Builder.php(701): Illuminate\\Database\\Eloquent\\Builder->getModels(Array)
#18 C:\\xampp\\htdocs\\sia_labact1_finals\\vendor\\illuminate\\database\\Concerns\\BuildsQueries.php(296): Illuminate\\Database\\Eloquent\\Builder->get(Array)
#19 C:\\xampp\\htdocs\\sia_labact1_finals\\vendor\\illuminate\\database\\Eloquent\\Builder.php(443): Illuminate\\Database\\Eloquent\\Builder->first(Array)
#20 C:\\xampp\\htdocs\\sia_labact1_finals\\vendor\\illuminate\\database\\Eloquent\\Builder.php(475): Illuminate\\Database\\Eloquent\\Builder->find('1', Array)
#21 C:\\xampp\\htdocs\\sia_labact1_finals\\vendor\\illuminate\\support\\Traits\\ForwardsCalls.php(23): Illuminate\\Database\\Eloquent\\Builder->findOrFail('1')
#22 C:\\xampp\\htdocs\\sia_labact1_finals\\vendor\\illuminate\\database\\Eloquent\\Model.php(2335): Illuminate\\Database\\Eloquent\\Model->forwardCallTo(Object(Illuminate\\Database\\Eloquent\\Builder), 'findOrFail', Array)
#23 C:\\xampp\\htdocs\\sia_labact1_finals\\vendor\\illuminate\\database\\Eloquent\\Model.php(2347): Illuminate\\Database\\Eloquent\\Model->__call('findOrFail', Array)
#24 C:\\xampp\\htdocs\\sia_labact1_finals\\app\\Http\\Controllers\\UserController.php(21): Illuminate\\Database\\Eloquent\\Model::__callStatic('findOrFail', Array)
#25 C:\\xampp\\htdocs\\sia_labact1_finals\\vendor\\illuminate\\container\\BoundMethod.php(36): App\\Http\\Controllers\\UserController->userShowID('1')
#26 C:\\xampp\\htdocs\\sia_labact1_finals\\vendor\\illuminate\\container\\Util.php(41): Illuminate\\Container\\BoundMethod::Illuminate\\Container\\{closure}()
#27 C:\\xampp\\htdocs\\sia_labact1_finals\\vendor\\illuminate\\container\\BoundMethod.php(93): Illuminate\\Container\\Util::unwrapIfClosure(Object(Closure))
#28 C:\\xampp\\htdocs\\sia_labact1_finals\\vendor\\illuminate\\container\\BoundMethod.php(37): Illuminate\\Container\\BoundMethod::callBoundMethod(Object(Laravel\\Lumen\\Application), Array, Object(Closure))
#29 C:\\xampp\\htdocs\\sia_labact1_finals\\vendor\\illuminate\\container\\Container.php(662): Illuminate\\Container\\BoundMethod::call(Object(Laravel\\Lumen\\Application), Array, Array, NULL)
#30 C:\\xampp\\htdocs\\sia_labact1_finals\\vendor\\laravel\\lumen-framework\\src\\Concerns\\RoutesRequests.php(391): Illuminate\\Container\\Container->call(Array, Array)
#31 C:\\xampp\\htdocs\\sia_labact1_finals\\vendor\\laravel\\lumen-framework\\src\\Concerns\\RoutesRequests.php(357): Laravel\\Lumen\\Application->callControllerCallable(Array, Array)
#32 C:\\xampp\\htdocs\\sia_labact1_finals\\vendor\\laravel\\lumen-framework\\src\\Concerns\\RoutesRequests.php(331): Laravel\\Lumen\\Application->callLumenController(Object(App\\Http\\Controllers\\UserController), 'userShowID', Array)
#33 C:\\xampp\\htdocs\\sia_labact1_finals\\vendor\\laravel\\lumen-framework\\src\\Concerns\\RoutesRequests.php(284): Laravel\\Lumen\\Application->callControllerAction(Array)
#34 C:\\xampp\\htdocs\\sia_labact1_finals\\vendor\\laravel\\lumen-framework\\src\\Concerns\\RoutesRequests.php(269): Laravel\\Lumen\\Application->callActionOnArrayBasedRoute(Array)
#35 C:\\xampp\\htdocs\\sia_labact1_finals\\vendor\\laravel\\lumen-framework\\src\\Concerns\\RoutesRequests.php(239): Laravel\\Lumen\\Application->handleFoundRoute(Array)
#36 C:\\xampp\\htdocs\\sia_labact1_finals\\vendor\\laravel\\lumen-framework\\src\\Concerns\\RoutesRequests.php(175): Laravel\\Lumen\\Application->handleDispatcherResponse(Array)
#37 C:\\xampp\\htdocs\\sia_labact1_finals\\vendor\\laravel\\lumen-framework\\src\\Concerns\\RoutesRequests.php(431): Laravel\\Lumen\\Application->Laravel\\Lumen\\Concerns\\{closure}(Object(Laravel\\Lumen\\Http\\Request))
#38 C:\\xampp\\htdocs\\sia_labact1_finals\\vendor\\laravel\\lumen-framework\\src\\Concerns\\RoutesRequests.php(177): Laravel\\Lumen\\Application->sendThroughPipeline(Array, Object(Closure))
#39 C:\\xampp\\htdocs\\sia_labact1_finals\\vendor\\laravel\\lumen-framework\\src\\Concerns\\RoutesRequests.php(112): Laravel\\Lumen\\Application->dispatch(NULL)
#40 C:\\xampp\\htdocs\\sia_labact1_finals\\public\\index.php(28): Laravel\\Lumen\\Application->run()
#41 {main}
"} 
[2023-05-13 18:00:00] local.ERROR: Array to string conversion {"exception":"[object] (ErrorException(code: 0): Array to string conversion at C:\\xampp\\htdocs\\sia_labact1_finals\\vendor\\illuminate\\support\\Str.php:908)
[stacktrace]
#0 C:\\xampp\\htdocs\\sia_labact1_finals\\vendor\\laravel\\lumen-framework\\src\\Concerns\\RegistersExceptionHandlers.php(47): Laravel\\Lumen\\Application->handleError(2, 'Array to string...', 'C:\\\\xampp\\\\htdocs...', 908)
#1 C:\\xampp\\htdocs\\sia_labact1_finals\\vendor\\illuminate\\support\\Str.php(908): Laravel\\Lumen\\Application->Laravel\\Lumen\\Concerns\\{closure}(2, 'Array to string...', 'C:\\\\xampp\\\\htdocs...', 908)
#2 C:\\xampp\\htdocs\\sia_labact1_finals\\vendor\\illuminate\\database\\QueryException.php(67): Illuminate\\Support\\Str::replaceArray('?', Array, 'insert into `tb...')
#3 C:\\xampp\\htdocs\\sia_labact1_finals\\vendor\\illuminate\\database\\QueryException.php(49): Illuminate\\Database\\QueryException->formatMessage('mysql', 'insert into `tb...', Array, Object(PDOException))
#4 C:\\xampp\\htdocs\\sia_labact1_finals\\vendor\\illuminate\\database\\Connection.php(794): Illuminate\\Database\\QueryException->__construct('mysql', 'insert into `tb...', Array, Object(PDOException))
#5 C:\\xampp\\htdocs\\sia_labact1_finals\\vendor\\illuminate\\database\\Connection.php(753): Illuminate\\Database\\Connection->runQueryCallback('insert into `tb...', Array, Object(Closure))
#6 C:\\xampp\\htdocs\\sia_labact1_finals\\vendor\\illuminate\\database\\Connection.php(579): Illuminate\\Database\\Connection->run('insert into `tb...', Array, Object(Closure))
#7 C:\\xampp\\htdocs\\sia_labact1_finals\\vendor\\illuminate\\database\\Connection.php(531): Illuminate\\Database\\Connection->statement('insert into `tb...', Array)
#8 C:\\xampp\\htdocs\\sia_labact1_finals\\vendor\\illuminate\\database\\Query\\Processors\\Processor.php(32): Illuminate\\Database\\Connection->insert('insert into `tb...', Array)
#9 C:\\xampp\\htdocs\\sia_labact1_finals\\vendor\\illuminate\\database\\Query\\Builder.php(3341): Illuminate\\Database\\Query\\Processors\\Processor->processInsertGetId(Object(Illuminate\\Database\\Query\\Builder), 'insert into `tb...', Array, 'teacherid')
#10 C:\\xampp\\htdocs\\sia_labact1_finals\\vendor\\illuminate\\database\\Eloquent\\Builder.php(1904): Illuminate\\Database\\Query\\Builder->insertGetId(Array, 'teacherid')
#11 C:\\xampp\\htdocs\\sia_labact1_finals\\vendor\\illuminate\\database\\Eloquent\\Model.php(1335): Illuminate\\Database\\Eloquent\\Builder->__call('insertGetId', Array)
#12 C:\\xampp\\htdocs\\sia_labact1_finals\\vendor\\illuminate\\database\\Eloquent\\Model.php(1300): Illuminate\\Database\\Eloquent\\Model->insertAndSetId(Object(Illuminate\\Database\\Eloquent\\Builder), Array)
#13 C:\\xampp\\htdocs\\sia_labact1_finals\\vendor\\illuminate\\database\\Eloquent\\Model.php(1139): Illuminate\\Database\\Eloquent\\Model->performInsert(Object(Illuminate\\Database\\Eloquent\\Builder))
#14 C:\\xampp\\htdocs\\sia_labact1_finals\\vendor\\illuminate\\database\\Eloquent\\Builder.php(996): Illuminate\\Database\\Eloquent\\Model->save()
#15 C:\\xampp\\htdocs\\sia_labact1_finals\\vendor\\illuminate\\support\\helpers.php(306): Illuminate\\Database\\Eloquent\\Builder->Illuminate\\Database\\Eloquent\\{closure}(Object(App\\Models\\User))
#16 C:\\xampp\\htdocs\\sia_labact1_finals\\vendor\\illuminate\\database\\Eloquent\\Builder.php(997): tap(Object(App\\Models\\User), Object(Closure))
#17 C:\\xampp\\htdocs\\sia_labact1_finals\\vendor\\illuminate\\support\\Traits\\ForwardsCalls.php(23): Illuminate\\Database\\Eloquent\\Builder->create(Array)
#18 C:\\xampp\\htdocs\\sia_labact1_finals\\vendor\\illuminate\\database\\Eloquent\\Model.php(2335): Illuminate\\Database\\Eloquent\\Model->forwardCallTo(Object(Illuminate\\Database\\Eloquent\\Builder), 'create', Array)
#19 C:\\xampp\\htdocs\\sia_labact1_finals\\vendor\\illuminate\\database\\Eloquent\\Model.php(2347): Illuminate\\Database\\Eloquent\\Model->__call('create', Array)
#20 C:\\xampp\\htdocs\\sia_labact1_finals\\app\\Http\\Controllers\\UserController.php(32): Illuminate\\Database\\Eloquent\\Model::__callStatic('create', Array)
#21 C:\\xampp\\htdocs\\sia_labact1_finals\\vendor\\illuminate\\container\\BoundMethod.php(36): App\\Http\\Controllers\\UserController->userAdd(Object(Laravel\\Lumen\\Http\\Request))
#22 C:\\xampp\\htdocs\\sia_labact1_finals\\vendor\\illuminate\\container\\Util.php(41): Illuminate\\Container\\BoundMethod::Illuminate\\Container\\{closure}()
#23 C:\\xampp\\htdocs\\sia_labact1_finals\\vendor\\illuminate\\container\\BoundMethod.php(93): Illuminate\\Container\\Util::unwrapIfClosure(Object(Closure))
#24 C:\\xampp\\htdocs\\sia_labact1_finals\\vendor\\illuminate\\container\\BoundMethod.php(37): Illuminate\\Container\\BoundMethod::callBoundMethod(Object(Laravel\\Lumen\\Application), Array, Object(Closure))
#25 C:\\xampp\\htdocs\\sia_labact1_finals\\vendor\\illuminate\\container\\Container.php(662): Illuminate\\Container\\BoundMethod::call(Object(Laravel\\Lumen\\Application), Array, Array, NULL)
#26 C:\\xampp\\htdocs\\sia_labact1_finals\\vendor\\laravel\\lumen-framework\\src\\Concerns\\RoutesRequests.php(391): Illuminate\\Container\\Container->call(Array, Array)
#27 C:\\xampp\\htdocs\\sia_labact1_finals\\vendor\\laravel\\lumen-framework\\src\\Concerns\\RoutesRequests.php(357): Laravel\\Lumen\\Application->callControllerCallable(Array, Array)
#28 C:\\xampp\\htdocs\\sia_labact1_finals\\vendor\\laravel\\lumen-framework\\src\\Concerns\\RoutesRequests.php(331): Laravel\\Lumen\\Application->callLumenController(Object(App\\Http\\Controllers\\UserController), 'userAdd', Array)
#29 C:\\xampp\\htdocs\\sia_labact1_finals\\vendor\\laravel\\lumen-framework\\src\\Concerns\\RoutesRequests.php(284): Laravel\\Lumen\\Application->callControllerAction(Array)
#30 C:\\xampp\\htdocs\\sia_labact1_finals\\vendor\\laravel\\lumen-framework\\src\\Concerns\\RoutesRequests.php(269): Laravel\\Lumen\\Application->callActionOnArrayBasedRoute(Array)
#31 C:\\xampp\\htdocs\\sia_labact1_finals\\vendor\\laravel\\lumen-framework\\src\\Concerns\\RoutesRequests.php(171): Laravel\\Lumen\\Application->handleFoundRoute(Array)
#32 C:\\xampp\\htdocs\\sia_labact1_finals\\vendor\\laravel\\lumen-framework\\src\\Concerns\\RoutesRequests.php(431): Laravel\\Lumen\\Application->Laravel\\Lumen\\Concerns\\{closure}(Object(Laravel\\Lumen\\Http\\Request))
#33 C:\\xampp\\htdocs\\sia_labact1_finals\\vendor\\laravel\\lumen-framework\\src\\Concerns\\RoutesRequests.php(177): Laravel\\Lumen\\Application->sendThroughPipeline(Array, Object(Closure))
#34 C:\\xampp\\htdocs\\sia_labact1_finals\\vendor\\laravel\\lumen-framework\\src\\Concerns\\RoutesRequests.php(112): Laravel\\Lumen\\Application->dispatch(NULL)
#35 C:\\xampp\\htdocs\\sia_labact1_finals\\public\\index.php(28): Laravel\\Lumen\\Application->run()
#36 {main}
"} 
[2023-05-13 18:08:36] local.ERROR: Undefined variable $users {"exception":"[object] (ErrorException(code: 0): Undefined variable $users at C:\\xampp\\htdocs\\sia_labact1_finals\\app\\Http\\Controllers\\UserController.php:60)
[stacktrace]
#0 C:\\xampp\\htdocs\\sia_labact1_finals\\vendor\\laravel\\lumen-framework\\src\\Concerns\\RegistersExceptionHandlers.php(47): Laravel\\Lumen\\Application->handleError(2, 'Undefined varia...', 'C:\\\\xampp\\\\htdocs...', 60)
#1 C:\\xampp\\htdocs\\sia_labact1_finals\\app\\Http\\Controllers\\UserController.php(60): Laravel\\Lumen\\Application->Laravel\\Lumen\\Concerns\\{closure}(2, 'Undefined varia...', 'C:\\\\xampp\\\\htdocs...', 60)
#2 C:\\xampp\\htdocs\\sia_labact1_finals\\vendor\\illuminate\\container\\BoundMethod.php(36): App\\Http\\Controllers\\UserController->userDelete('1')
#3 C:\\xampp\\htdocs\\sia_labact1_finals\\vendor\\illuminate\\container\\Util.php(41): Illuminate\\Container\\BoundMethod::Illuminate\\Container\\{closure}()
#4 C:\\xampp\\htdocs\\sia_labact1_finals\\vendor\\illuminate\\container\\BoundMethod.php(93): Illuminate\\Container\\Util::unwrapIfClosure(Object(Closure))
#5 C:\\xampp\\htdocs\\sia_labact1_finals\\vendor\\illuminate\\container\\BoundMethod.php(37): Illuminate\\Container\\BoundMethod::callBoundMethod(Object(Laravel\\Lumen\\Application), Array, Object(Closure))
#6 C:\\xampp\\htdocs\\sia_labact1_finals\\vendor\\illuminate\\container\\Container.php(662): Illuminate\\Container\\BoundMethod::call(Object(Laravel\\Lumen\\Application), Array, Array, NULL)
#7 C:\\xampp\\htdocs\\sia_labact1_finals\\vendor\\laravel\\lumen-framework\\src\\Concerns\\RoutesRequests.php(391): Illuminate\\Container\\Container->call(Array, Array)
#8 C:\\xampp\\htdocs\\sia_labact1_finals\\vendor\\laravel\\lumen-framework\\src\\Concerns\\RoutesRequests.php(357): Laravel\\Lumen\\Application->callControllerCallable(Array, Array)
#9 C:\\xampp\\htdocs\\sia_labact1_finals\\vendor\\laravel\\lumen-framework\\src\\Concerns\\RoutesRequests.php(331): Laravel\\Lumen\\Application->callLumenController(Object(App\\Http\\Controllers\\UserController), 'userDelete', Array)
#10 C:\\xampp\\htdocs\\sia_labact1_finals\\vendor\\laravel\\lumen-framework\\src\\Concerns\\RoutesRequests.php(284): Laravel\\Lumen\\Application->callControllerAction(Array)
#11 C:\\xampp\\htdocs\\sia_labact1_finals\\vendor\\laravel\\lumen-framework\\src\\Concerns\\RoutesRequests.php(269): Laravel\\Lumen\\Application->callActionOnArrayBasedRoute(Array)
#12 C:\\xampp\\htdocs\\sia_labact1_finals\\vendor\\laravel\\lumen-framework\\src\\Concerns\\RoutesRequests.php(239): Laravel\\Lumen\\Application->handleFoundRoute(Array)
#13 C:\\xampp\\htdocs\\sia_labact1_finals\\vendor\\laravel\\lumen-framework\\src\\Concerns\\RoutesRequests.php(175): Laravel\\Lumen\\Application->handleDispatcherResponse(Array)
#14 C:\\xampp\\htdocs\\sia_labact1_finals\\vendor\\laravel\\lumen-framework\\src\\Concerns\\RoutesRequests.php(431): Laravel\\Lumen\\Application->Laravel\\Lumen\\Concerns\\{closure}(Object(Laravel\\Lumen\\Http\\Request))
#15 C:\\xampp\\htdocs\\sia_labact1_finals\\vendor\\laravel\\lumen-framework\\src\\Concerns\\RoutesRequests.php(177): Laravel\\Lumen\\Application->sendThroughPipeline(Array, Object(Closure))
#16 C:\\xampp\\htdocs\\sia_labact1_finals\\vendor\\laravel\\lumen-framework\\src\\Concerns\\RoutesRequests.php(112): Laravel\\Lumen\\Application->dispatch(NULL)
#17 C:\\xampp\\htdocs\\sia_labact1_finals\\public\\index.php(28): Laravel\\Lumen\\Application->run()
#18 {main}
"} 
[2023-05-13 18:08:39] local.ERROR: Undefined variable $users {"exception":"[object] (ErrorException(code: 0): Undefined variable $users at C:\\xampp\\htdocs\\sia_labact1_finals\\app\\Http\\Controllers\\UserController.php:60)
[stacktrace]
#0 C:\\xampp\\htdocs\\sia_labact1_finals\\vendor\\laravel\\lumen-framework\\src\\Concerns\\RegistersExceptionHandlers.php(47): Laravel\\Lumen\\Application->handleError(2, 'Undefined varia...', 'C:\\\\xampp\\\\htdocs...', 60)
#1 C:\\xampp\\htdocs\\sia_labact1_finals\\app\\Http\\Controllers\\UserController.php(60): Laravel\\Lumen\\Application->Laravel\\Lumen\\Concerns\\{closure}(2, 'Undefined varia...', 'C:\\\\xampp\\\\htdocs...', 60)
#2 C:\\xampp\\htdocs\\sia_labact1_finals\\vendor\\illuminate\\container\\BoundMethod.php(36): App\\Http\\Controllers\\UserController->userDelete('2')
#3 C:\\xampp\\htdocs\\sia_labact1_finals\\vendor\\illuminate\\container\\Util.php(41): Illuminate\\Container\\BoundMethod::Illuminate\\Container\\{closure}()
#4 C:\\xampp\\htdocs\\sia_labact1_finals\\vendor\\illuminate\\container\\BoundMethod.php(93): Illuminate\\Container\\Util::unwrapIfClosure(Object(Closure))
#5 C:\\xampp\\htdocs\\sia_labact1_finals\\vendor\\illuminate\\container\\BoundMethod.php(37): Illuminate\\Container\\BoundMethod::callBoundMethod(Object(Laravel\\Lumen\\Application), Array, Object(Closure))
#6 C:\\xampp\\htdocs\\sia_labact1_finals\\vendor\\illuminate\\container\\Container.php(662): Illuminate\\Container\\BoundMethod::call(Object(Laravel\\Lumen\\Application), Array, Array, NULL)
#7 C:\\xampp\\htdocs\\sia_labact1_finals\\vendor\\laravel\\lumen-framework\\src\\Concerns\\RoutesRequests.php(391): Illuminate\\Container\\Container->call(Array, Array)
#8 C:\\xampp\\htdocs\\sia_labact1_finals\\vendor\\laravel\\lumen-framework\\src\\Concerns\\RoutesRequests.php(357): Laravel\\Lumen\\Application->callControllerCallable(Array, Array)
#9 C:\\xampp\\htdocs\\sia_labact1_finals\\vendor\\laravel\\lumen-framework\\src\\Concerns\\RoutesRequests.php(331): Laravel\\Lumen\\Application->callLumenController(Object(App\\Http\\Controllers\\UserController), 'userDelete', Array)
#10 C:\\xampp\\htdocs\\sia_labact1_finals\\vendor\\laravel\\lumen-framework\\src\\Concerns\\RoutesRequests.php(284): Laravel\\Lumen\\Application->callControllerAction(Array)
#11 C:\\xampp\\htdocs\\sia_labact1_finals\\vendor\\laravel\\lumen-framework\\src\\Concerns\\RoutesRequests.php(269): Laravel\\Lumen\\Application->callActionOnArrayBasedRoute(Array)
#12 C:\\xampp\\htdocs\\sia_labact1_finals\\vendor\\laravel\\lumen-framework\\src\\Concerns\\RoutesRequests.php(239): Laravel\\Lumen\\Application->handleFoundRoute(Array)
#13 C:\\xampp\\htdocs\\sia_labact1_finals\\vendor\\laravel\\lumen-framework\\src\\Concerns\\RoutesRequests.php(175): Laravel\\Lumen\\Application->handleDispatcherResponse(Array)
#14 C:\\xampp\\htdocs\\sia_labact1_finals\\vendor\\laravel\\lumen-framework\\src\\Concerns\\RoutesRequests.php(431): Laravel\\Lumen\\Application->Laravel\\Lumen\\Concerns\\{closure}(Object(Laravel\\Lumen\\Http\\Request))
#15 C:\\xampp\\htdocs\\sia_labact1_finals\\vendor\\laravel\\lumen-framework\\src\\Concerns\\RoutesRequests.php(177): Laravel\\Lumen\\Application->sendThroughPipeline(Array, Object(Closure))
#16 C:\\xampp\\htdocs\\sia_labact1_finals\\vendor\\laravel\\lumen-framework\\src\\Concerns\\RoutesRequests.php(112): Laravel\\Lumen\\Application->dispatch(NULL)
#17 C:\\xampp\\htdocs\\sia_labact1_finals\\public\\index.php(28): Laravel\\Lumen\\Application->run()
#18 {main}
"} 
[2023-05-13 18:12:31] local.ERROR: Call to undefined method App\Http\Controllers\UserController::errorResponse() {"exception":"[object] (Error(code: 0): Call to undefined method App\\Http\\Controllers\\UserController::errorResponse() at C:\\xampp\\htdocs\\sia_labact1_finals\\app\\Http\\Controllers\\UserController.php:49)
[stacktrace]
#0 C:\\xampp\\htdocs\\sia_labact1_finals\\vendor\\illuminate\\container\\BoundMethod.php(36): App\\Http\\Controllers\\UserController->userUpdate(Object(Laravel\\Lumen\\Http\\Request), '5')
#1 C:\\xampp\\htdocs\\sia_labact1_finals\\vendor\\illuminate\\container\\Util.php(41): Illuminate\\Container\\BoundMethod::Illuminate\\Container\\{closure}()
#2 C:\\xampp\\htdocs\\sia_labact1_finals\\vendor\\illuminate\\container\\BoundMethod.php(93): Illuminate\\Container\\Util::unwrapIfClosure(Object(Closure))
#3 C:\\xampp\\htdocs\\sia_labact1_finals\\vendor\\illuminate\\container\\BoundMethod.php(37): Illuminate\\Container\\BoundMethod::callBoundMethod(Object(Laravel\\Lumen\\Application), Array, Object(Closure))
#4 C:\\xampp\\htdocs\\sia_labact1_finals\\vendor\\illuminate\\container\\Container.php(662): Illuminate\\Container\\BoundMethod::call(Object(Laravel\\Lumen\\Application), Array, Array, NULL)
#5 C:\\xampp\\htdocs\\sia_labact1_finals\\vendor\\laravel\\lumen-framework\\src\\Concerns\\RoutesRequests.php(391): Illuminate\\Container\\Container->call(Array, Array)
#6 C:\\xampp\\htdocs\\sia_labact1_finals\\vendor\\laravel\\lumen-framework\\src\\Concerns\\RoutesRequests.php(357): Laravel\\Lumen\\Application->callControllerCallable(Array, Array)
#7 C:\\xampp\\htdocs\\sia_labact1_finals\\vendor\\laravel\\lumen-framework\\src\\Concerns\\RoutesRequests.php(331): Laravel\\Lumen\\Application->callLumenController(Object(App\\Http\\Controllers\\UserController), 'userUpdate', Array)
#8 C:\\xampp\\htdocs\\sia_labact1_finals\\vendor\\laravel\\lumen-framework\\src\\Concerns\\RoutesRequests.php(284): Laravel\\Lumen\\Application->callControllerAction(Array)
#9 C:\\xampp\\htdocs\\sia_labact1_finals\\vendor\\laravel\\lumen-framework\\src\\Concerns\\RoutesRequests.php(269): Laravel\\Lumen\\Application->callActionOnArrayBasedRoute(Array)
#10 C:\\xampp\\htdocs\\sia_labact1_finals\\vendor\\laravel\\lumen-framework\\src\\Concerns\\RoutesRequests.php(239): Laravel\\Lumen\\Application->handleFoundRoute(Array)
#11 C:\\xampp\\htdocs\\sia_labact1_finals\\vendor\\laravel\\lumen-framework\\src\\Concerns\\RoutesRequests.php(175): Laravel\\Lumen\\Application->handleDispatcherResponse(Array)
#12 C:\\xampp\\htdocs\\sia_labact1_finals\\vendor\\laravel\\lumen-framework\\src\\Concerns\\RoutesRequests.php(431): Laravel\\Lumen\\Application->Laravel\\Lumen\\Concerns\\{closure}(Object(Laravel\\Lumen\\Http\\Request))
#13 C:\\xampp\\htdocs\\sia_labact1_finals\\vendor\\laravel\\lumen-framework\\src\\Concerns\\RoutesRequests.php(177): Laravel\\Lumen\\Application->sendThroughPipeline(Array, Object(Closure))
#14 C:\\xampp\\htdocs\\sia_labact1_finals\\vendor\\laravel\\lumen-framework\\src\\Concerns\\RoutesRequests.php(112): Laravel\\Lumen\\Application->dispatch(NULL)
#15 C:\\xampp\\htdocs\\sia_labact1_finals\\public\\index.php(28): Laravel\\Lumen\\Application->run()
#16 {main}
"} 
[2023-05-13 18:13:21] local.ERROR: Call to undefined method App\Http\Controllers\UserController::errorResponse() {"exception":"[object] (Error(code: 0): Call to undefined method App\\Http\\Controllers\\UserController::errorResponse() at C:\\xampp\\htdocs\\sia_labact1_finals\\app\\Http\\Controllers\\UserController.php:49)
[stacktrace]
#0 C:\\xampp\\htdocs\\sia_labact1_finals\\vendor\\illuminate\\container\\BoundMethod.php(36): App\\Http\\Controllers\\UserController->userUpdate(Object(Laravel\\Lumen\\Http\\Request), '4')
#1 C:\\xampp\\htdocs\\sia_labact1_finals\\vendor\\illuminate\\container\\Util.php(41): Illuminate\\Container\\BoundMethod::Illuminate\\Container\\{closure}()
#2 C:\\xampp\\htdocs\\sia_labact1_finals\\vendor\\illuminate\\container\\BoundMethod.php(93): Illuminate\\Container\\Util::unwrapIfClosure(Object(Closure))
#3 C:\\xampp\\htdocs\\sia_labact1_finals\\vendor\\illuminate\\container\\BoundMethod.php(37): Illuminate\\Container\\BoundMethod::callBoundMethod(Object(Laravel\\Lumen\\Application), Array, Object(Closure))
#4 C:\\xampp\\htdocs\\sia_labact1_finals\\vendor\\illuminate\\container\\Container.php(662): Illuminate\\Container\\BoundMethod::call(Object(Laravel\\Lumen\\Application), Array, Array, NULL)
#5 C:\\xampp\\htdocs\\sia_labact1_finals\\vendor\\laravel\\lumen-framework\\src\\Concerns\\RoutesRequests.php(391): Illuminate\\Container\\Container->call(Array, Array)
#6 C:\\xampp\\htdocs\\sia_labact1_finals\\vendor\\laravel\\lumen-framework\\src\\Concerns\\RoutesRequests.php(357): Laravel\\Lumen\\Application->callControllerCallable(Array, Array)
#7 C:\\xampp\\htdocs\\sia_labact1_finals\\vendor\\laravel\\lumen-framework\\src\\Concerns\\RoutesRequests.php(331): Laravel\\Lumen\\Application->callLumenController(Object(App\\Http\\Controllers\\UserController), 'userUpdate', Array)
#8 C:\\xampp\\htdocs\\sia_labact1_finals\\vendor\\laravel\\lumen-framework\\src\\Concerns\\RoutesRequests.php(284): Laravel\\Lumen\\Application->callControllerAction(Array)
#9 C:\\xampp\\htdocs\\sia_labact1_finals\\vendor\\laravel\\lumen-framework\\src\\Concerns\\RoutesRequests.php(269): Laravel\\Lumen\\Application->callActionOnArrayBasedRoute(Array)
#10 C:\\xampp\\htdocs\\sia_labact1_finals\\vendor\\laravel\\lumen-framework\\src\\Concerns\\RoutesRequests.php(239): Laravel\\Lumen\\Application->handleFoundRoute(Array)
#11 C:\\xampp\\htdocs\\sia_labact1_finals\\vendor\\laravel\\lumen-framework\\src\\Concerns\\RoutesRequests.php(175): Laravel\\Lumen\\Application->handleDispatcherResponse(Array)
#12 C:\\xampp\\htdocs\\sia_labact1_finals\\vendor\\laravel\\lumen-framework\\src\\Concerns\\RoutesRequests.php(431): Laravel\\Lumen\\Application->Laravel\\Lumen\\Concerns\\{closure}(Object(Laravel\\Lumen\\Http\\Request))
#13 C:\\xampp\\htdocs\\sia_labact1_finals\\vendor\\laravel\\lumen-framework\\src\\Concerns\\RoutesRequests.php(177): Laravel\\Lumen\\Application->sendThroughPipeline(Array, Object(Closure))
#14 C:\\xampp\\htdocs\\sia_labact1_finals\\vendor\\laravel\\lumen-framework\\src\\Concerns\\RoutesRequests.php(112): Laravel\\Lumen\\Application->dispatch(NULL)
#15 C:\\xampp\\htdocs\\sia_labact1_finals\\public\\index.php(28): Laravel\\Lumen\\Application->run()
#16 {main}
"} 
[2023-05-13 18:13:47] local.ERROR: Call to undefined method App\Http\Controllers\UserController::errorResponse() {"exception":"[object] (Error(code: 0): Call to undefined method App\\Http\\Controllers\\UserController::errorResponse() at C:\\xampp\\htdocs\\sia_labact1_finals\\app\\Http\\Controllers\\UserController.php:49)
[stacktrace]
#0 C:\\xampp\\htdocs\\sia_labact1_finals\\vendor\\illuminate\\container\\BoundMethod.php(36): App\\Http\\Controllers\\UserController->userUpdate(Object(Laravel\\Lumen\\Http\\Request), '5')
#1 C:\\xampp\\htdocs\\sia_labact1_finals\\vendor\\illuminate\\container\\Util.php(41): Illuminate\\Container\\BoundMethod::Illuminate\\Container\\{closure}()
#2 C:\\xampp\\htdocs\\sia_labact1_finals\\vendor\\illuminate\\container\\BoundMethod.php(93): Illuminate\\Container\\Util::unwrapIfClosure(Object(Closure))
#3 C:\\xampp\\htdocs\\sia_labact1_finals\\vendor\\illuminate\\container\\BoundMethod.php(37): Illuminate\\Container\\BoundMethod::callBoundMethod(Object(Laravel\\Lumen\\Application), Array, Object(Closure))
#4 C:\\xampp\\htdocs\\sia_labact1_finals\\vendor\\illuminate\\container\\Container.php(662): Illuminate\\Container\\BoundMethod::call(Object(Laravel\\Lumen\\Application), Array, Array, NULL)
#5 C:\\xampp\\htdocs\\sia_labact1_finals\\vendor\\laravel\\lumen-framework\\src\\Concerns\\RoutesRequests.php(391): Illuminate\\Container\\Container->call(Array, Array)
#6 C:\\xampp\\htdocs\\sia_labact1_finals\\vendor\\laravel\\lumen-framework\\src\\Concerns\\RoutesRequests.php(357): Laravel\\Lumen\\Application->callControllerCallable(Array, Array)
#7 C:\\xampp\\htdocs\\sia_labact1_finals\\vendor\\laravel\\lumen-framework\\src\\Concerns\\RoutesRequests.php(331): Laravel\\Lumen\\Application->callLumenController(Object(App\\Http\\Controllers\\UserController), 'userUpdate', Array)
#8 C:\\xampp\\htdocs\\sia_labact1_finals\\vendor\\laravel\\lumen-framework\\src\\Concerns\\RoutesRequests.php(284): Laravel\\Lumen\\Application->callControllerAction(Array)
#9 C:\\xampp\\htdocs\\sia_labact1_finals\\vendor\\laravel\\lumen-framework\\src\\Concerns\\RoutesRequests.php(269): Laravel\\Lumen\\Application->callActionOnArrayBasedRoute(Array)
#10 C:\\xampp\\htdocs\\sia_labact1_finals\\vendor\\laravel\\lumen-framework\\src\\Concerns\\RoutesRequests.php(239): Laravel\\Lumen\\Application->handleFoundRoute(Array)
#11 C:\\xampp\\htdocs\\sia_labact1_finals\\vendor\\laravel\\lumen-framework\\src\\Concerns\\RoutesRequests.php(175): Laravel\\Lumen\\Application->handleDispatcherResponse(Array)
#12 C:\\xampp\\htdocs\\sia_labact1_finals\\vendor\\laravel\\lumen-framework\\src\\Concerns\\RoutesRequests.php(431): Laravel\\Lumen\\Application->Laravel\\Lumen\\Concerns\\{closure}(Object(Laravel\\Lumen\\Http\\Request))
#13 C:\\xampp\\htdocs\\sia_labact1_finals\\vendor\\laravel\\lumen-framework\\src\\Concerns\\RoutesRequests.php(177): Laravel\\Lumen\\Application->sendThroughPipeline(Array, Object(Closure))
#14 C:\\xampp\\htdocs\\sia_labact1_finals\\vendor\\laravel\\lumen-framework\\src\\Concerns\\RoutesRequests.php(112): Laravel\\Lumen\\Application->dispatch(NULL)
#15 C:\\xampp\\htdocs\\sia_labact1_finals\\public\\index.php(28): Laravel\\Lumen\\Application->run()
#16 {main}
"} 
[2023-05-13 18:13:51] local.ERROR: Call to undefined method App\Http\Controllers\UserController::errorResponse() {"exception":"[object] (Error(code: 0): Call to undefined method App\\Http\\Controllers\\UserController::errorResponse() at C:\\xampp\\htdocs\\sia_labact1_finals\\app\\Http\\Controllers\\UserController.php:49)
[stacktrace]
#0 C:\\xampp\\htdocs\\sia_labact1_finals\\vendor\\illuminate\\container\\BoundMethod.php(36): App\\Http\\Controllers\\UserController->userUpdate(Object(Laravel\\Lumen\\Http\\Request), '4')
#1 C:\\xampp\\htdocs\\sia_labact1_finals\\vendor\\illuminate\\container\\Util.php(41): Illuminate\\Container\\BoundMethod::Illuminate\\Container\\{closure}()
#2 C:\\xampp\\htdocs\\sia_labact1_finals\\vendor\\illuminate\\container\\BoundMethod.php(93): Illuminate\\Container\\Util::unwrapIfClosure(Object(Closure))
#3 C:\\xampp\\htdocs\\sia_labact1_finals\\vendor\\illuminate\\container\\BoundMethod.php(37): Illuminate\\Container\\BoundMethod::callBoundMethod(Object(Laravel\\Lumen\\Application), Array, Object(Closure))
#4 C:\\xampp\\htdocs\\sia_labact1_finals\\vendor\\illuminate\\container\\Container.php(662): Illuminate\\Container\\BoundMethod::call(Object(Laravel\\Lumen\\Application), Array, Array, NULL)
#5 C:\\xampp\\htdocs\\sia_labact1_finals\\vendor\\laravel\\lumen-framework\\src\\Concerns\\RoutesRequests.php(391): Illuminate\\Container\\Container->call(Array, Array)
#6 C:\\xampp\\htdocs\\sia_labact1_finals\\vendor\\laravel\\lumen-framework\\src\\Concerns\\RoutesRequests.php(357): Laravel\\Lumen\\Application->callControllerCallable(Array, Array)
#7 C:\\xampp\\htdocs\\sia_labact1_finals\\vendor\\laravel\\lumen-framework\\src\\Concerns\\RoutesRequests.php(331): Laravel\\Lumen\\Application->callLumenController(Object(App\\Http\\Controllers\\UserController), 'userUpdate', Array)
#8 C:\\xampp\\htdocs\\sia_labact1_finals\\vendor\\laravel\\lumen-framework\\src\\Concerns\\RoutesRequests.php(284): Laravel\\Lumen\\Application->callControllerAction(Array)
#9 C:\\xampp\\htdocs\\sia_labact1_finals\\vendor\\laravel\\lumen-framework\\src\\Concerns\\RoutesRequests.php(269): Laravel\\Lumen\\Application->callActionOnArrayBasedRoute(Array)
#10 C:\\xampp\\htdocs\\sia_labact1_finals\\vendor\\laravel\\lumen-framework\\src\\Concerns\\RoutesRequests.php(239): Laravel\\Lumen\\Application->handleFoundRoute(Array)
#11 C:\\xampp\\htdocs\\sia_labact1_finals\\vendor\\laravel\\lumen-framework\\src\\Concerns\\RoutesRequests.php(175): Laravel\\Lumen\\Application->handleDispatcherResponse(Array)
#12 C:\\xampp\\htdocs\\sia_labact1_finals\\vendor\\laravel\\lumen-framework\\src\\Concerns\\RoutesRequests.php(431): Laravel\\Lumen\\Application->Laravel\\Lumen\\Concerns\\{closure}(Object(Laravel\\Lumen\\Http\\Request))
#13 C:\\xampp\\htdocs\\sia_labact1_finals\\vendor\\laravel\\lumen-framework\\src\\Concerns\\RoutesRequests.php(177): Laravel\\Lumen\\Application->sendThroughPipeline(Array, Object(Closure))
#14 C:\\xampp\\htdocs\\sia_labact1_finals\\vendor\\laravel\\lumen-framework\\src\\Concerns\\RoutesRequests.php(112): Laravel\\Lumen\\Application->dispatch(NULL)
#15 C:\\xampp\\htdocs\\sia_labact1_finals\\public\\index.php(28): Laravel\\Lumen\\Application->run()
#16 {main}
"} 
[2023-05-13 18:14:45] local.ERROR: Class "App\Http\Controllers\Response" not found {"exception":"[object] (Error(code: 0): Class \"App\\Http\\Controllers\\Response\" not found at C:\\xampp\\htdocs\\sia_labact1_finals\\app\\Http\\Controllers\\UserController.php:51)
[stacktrace]
#0 C:\\xampp\\htdocs\\sia_labact1_finals\\vendor\\illuminate\\container\\BoundMethod.php(36): App\\Http\\Controllers\\UserController->userUpdate(Object(Laravel\\Lumen\\Http\\Request), '4')
#1 C:\\xampp\\htdocs\\sia_labact1_finals\\vendor\\illuminate\\container\\Util.php(41): Illuminate\\Container\\BoundMethod::Illuminate\\Container\\{closure}()
#2 C:\\xampp\\htdocs\\sia_labact1_finals\\vendor\\illuminate\\container\\BoundMethod.php(93): Illuminate\\Container\\Util::unwrapIfClosure(Object(Closure))
#3 C:\\xampp\\htdocs\\sia_labact1_finals\\vendor\\illuminate\\container\\BoundMethod.php(37): Illuminate\\Container\\BoundMethod::callBoundMethod(Object(Laravel\\Lumen\\Application), Array, Object(Closure))
#4 C:\\xampp\\htdocs\\sia_labact1_finals\\vendor\\illuminate\\container\\Container.php(662): Illuminate\\Container\\BoundMethod::call(Object(Laravel\\Lumen\\Application), Array, Array, NULL)
#5 C:\\xampp\\htdocs\\sia_labact1_finals\\vendor\\laravel\\lumen-framework\\src\\Concerns\\RoutesRequests.php(391): Illuminate\\Container\\Container->call(Array, Array)
#6 C:\\xampp\\htdocs\\sia_labact1_finals\\vendor\\laravel\\lumen-framework\\src\\Concerns\\RoutesRequests.php(357): Laravel\\Lumen\\Application->callControllerCallable(Array, Array)
#7 C:\\xampp\\htdocs\\sia_labact1_finals\\vendor\\laravel\\lumen-framework\\src\\Concerns\\RoutesRequests.php(331): Laravel\\Lumen\\Application->callLumenController(Object(App\\Http\\Controllers\\UserController), 'userUpdate', Array)
#8 C:\\xampp\\htdocs\\sia_labact1_finals\\vendor\\laravel\\lumen-framework\\src\\Concerns\\RoutesRequests.php(284): Laravel\\Lumen\\Application->callControllerAction(Array)
#9 C:\\xampp\\htdocs\\sia_labact1_finals\\vendor\\laravel\\lumen-framework\\src\\Concerns\\RoutesRequests.php(269): Laravel\\Lumen\\Application->callActionOnArrayBasedRoute(Array)
#10 C:\\xampp\\htdocs\\sia_labact1_finals\\vendor\\laravel\\lumen-framework\\src\\Concerns\\RoutesRequests.php(239): Laravel\\Lumen\\Application->handleFoundRoute(Array)
#11 C:\\xampp\\htdocs\\sia_labact1_finals\\vendor\\laravel\\lumen-framework\\src\\Concerns\\RoutesRequests.php(175): Laravel\\Lumen\\Application->handleDispatcherResponse(Array)
#12 C:\\xampp\\htdocs\\sia_labact1_finals\\vendor\\laravel\\lumen-framework\\src\\Concerns\\RoutesRequests.php(431): Laravel\\Lumen\\Application->Laravel\\Lumen\\Concerns\\{closure}(Object(Laravel\\Lumen\\Http\\Request))
#13 C:\\xampp\\htdocs\\sia_labact1_finals\\vendor\\laravel\\lumen-framework\\src\\Concerns\\RoutesRequests.php(177): Laravel\\Lumen\\Application->sendThroughPipeline(Array, Object(Closure))
#14 C:\\xampp\\htdocs\\sia_labact1_finals\\vendor\\laravel\\lumen-framework\\src\\Concerns\\RoutesRequests.php(112): Laravel\\Lumen\\Application->dispatch(NULL)
#15 C:\\xampp\\htdocs\\sia_labact1_finals\\public\\index.php(28): Laravel\\Lumen\\Application->run()
#16 {main}
"} 
